# vsim -l ModelSim.log -L work tb1 -voptargs="+acc" 
# Start time: 21:43:06 on Jan 27,2026
# ** Note: (vsim-3812) Design is being optimized...
# ** Note: (vopt-143) Recognized 1 FSM in module "arbiter(fast)".
# Loading sv_std.std
# Loading work.tb1(fast)
# Loading work.mcdt(fast)
# Loading work.slave_fifo(fast)
# Loading work.arbiter(fast)
# Loading work.chnl_intf(fast)
# Loading work.chnl_initiator(fast)
# Loading work.chnl_generator(fast)
# hexadecimal
# .main_pane.wave.interior.cs.body.pw.wf
# .main_pane.structure.interior.cs.body.struct
#               165000 channel initiator [chnl0_init] sent data 00c00000
#               165000 channel initiator [chnl1_init] sent data 00c10000
#               165000 channel initiator [chnl2_init] sent data 00c20000
#               175000 channel initiator [chnl0_init] sent data 00c00001
#               175000 channel initiator [chnl1_init] sent data 00c10001
#               175000 channel initiator [chnl2_init] sent data 00c20001
#               185000 channel initiator [chnl0_init] sent data 00c00002
#               185000 channel initiator [chnl1_init] sent data 00c10002
#               185000 channel initiator [chnl2_init] sent data 00c20002
#               195000 channel initiator [chnl0_init] sent data 00c00003
#               195000 channel initiator [chnl1_init] sent data 00c10003
#               195000 channel initiator [chnl2_init] sent data 00c20003
#               205000 channel initiator [chnl0_init] sent data 00c00004
#               205000 channel initiator [chnl1_init] sent data 00c10004
#               205000 channel initiator [chnl2_init] sent data 00c20004
#               215000 channel initiator [chnl0_init] sent data 00c00005
#               215000 channel initiator [chnl1_init] sent data 00c10005
#               215000 channel initiator [chnl2_init] sent data 00c20005
#               225000 channel initiator [chnl0_init] sent data 00c00006
#               225000 channel initiator [chnl1_init] sent data 00c10006
#               225000 channel initiator [chnl2_init] sent data 00c20006
#               235000 channel initiator [chnl0_init] sent data 00c00007
#               235000 channel initiator [chnl1_init] sent data 00c10007
#               235000 channel initiator [chnl2_init] sent data 00c20007
#               245000 channel initiator [chnl0_init] sent data 00c00008
#               245000 channel initiator [chnl1_init] sent data 00c10008
#               245000 channel initiator [chnl2_init] sent data 00c20008
#               255000 channel initiator [chnl0_init] sent data 00c00009
#               255000 channel initiator [chnl1_init] sent data 00c10009
#               255000 channel initiator [chnl2_init] sent data 00c20009
#               265000 channel initiator [chnl0_init] sent data 00c0000a
#               265000 channel initiator [chnl1_init] sent data 00c1000a
#               265000 channel initiator [chnl2_init] sent data 00c2000a
#               275000 channel initiator [chnl0_init] sent data 00c0000b
#               275000 channel initiator [chnl1_init] sent data 00c1000b
#               275000 channel initiator [chnl2_init] sent data 00c2000b
#               285000 channel initiator [chnl0_init] sent data 00c0000c
#               285000 channel initiator [chnl1_init] sent data 00c1000c
#               285000 channel initiator [chnl2_init] sent data 00c2000c
#               295000 channel initiator [chnl0_init] sent data 00c0000d
#               295000 channel initiator [chnl1_init] sent data 00c1000d
#               295000 channel initiator [chnl2_init] sent data 00c2000d
#               305000 channel initiator [chnl0_init] sent data 00c0000e
#               305000 channel initiator [chnl1_init] sent data 00c1000e
#               305000 channel initiator [chnl2_init] sent data 00c2000e
#               315000 channel initiator [chnl0_init] sent data 00c0000f
#               315000 channel initiator [chnl1_init] sent data 00c1000f
#               315000 channel initiator [chnl2_init] sent data 00c2000f
#               325000 channel initiator [chnl0_init] sent data 00c00010
#               325000 channel initiator [chnl1_init] sent data 00c10010
#               325000 channel initiator [chnl2_init] sent data 00c20010
#               335000 channel initiator [chnl0_init] sent data 00c00011
#               335000 channel initiator [chnl1_init] sent data 00c10011
#               335000 channel initiator [chnl2_init] sent data 00c20011
#               345000 channel initiator [chnl0_init] sent data 00c00012
#               345000 channel initiator [chnl1_init] sent data 00c10012
#               345000 channel initiator [chnl2_init] sent data 00c20012
#               355000 channel initiator [chnl0_init] sent data 00c00013
#               355000 channel initiator [chnl1_init] sent data 00c10013
#               355000 channel initiator [chnl2_init] sent data 00c20013
#               365000 channel initiator [chnl0_init] sent data 00c00014
#               365000 channel initiator [chnl1_init] sent data 00c10014
#               365000 channel initiator [chnl2_init] sent data 00c20014
#               375000 channel initiator [chnl0_init] sent data 00c00015
#               375000 channel initiator [chnl1_init] sent data 00c10015
#               375000 channel initiator [chnl2_init] sent data 00c20015
#               385000 channel initiator [chnl0_init] sent data 00c00016
#               385000 channel initiator [chnl1_init] sent data 00c10016
#               385000 channel initiator [chnl2_init] sent data 00c20016
#               395000 channel initiator [chnl0_init] sent data 00c00017
#               395000 channel initiator [chnl1_init] sent data 00c10017
#               395000 channel initiator [chnl2_init] sent data 00c20017
#               405000 channel initiator [chnl0_init] sent data 00c00018
#               405000 channel initiator [chnl1_init] sent data 00c10018
#               405000 channel initiator [chnl2_init] sent data 00c20018
#               415000 channel initiator [chnl0_init] sent data 00c00019
#               415000 channel initiator [chnl1_init] sent data 00c10019
#               415000 channel initiator [chnl2_init] sent data 00c20019
#               425000 channel initiator [chnl0_init] sent data 00c0001a
#               425000 channel initiator [chnl1_init] sent data 00c1001a
#               425000 channel initiator [chnl2_init] sent data 00c2001a
#               435000 channel initiator [chnl0_init] sent data 00c0001b
#               435000 channel initiator [chnl1_init] sent data 00c1001b
#               435000 channel initiator [chnl2_init] sent data 00c2001b
#               445000 channel initiator [chnl0_init] sent data 00c0001c
#               445000 channel initiator [chnl1_init] sent data 00c1001c
#               445000 channel initiator [chnl2_init] sent data 00c2001c
#               455000 channel initiator [chnl0_init] sent data 00c0001d
#               455000 channel initiator [chnl1_init] sent data 00c1001d
#               455000 channel initiator [chnl2_init] sent data 00c2001d
#               465000 channel initiator [chnl0_init] sent data 00c0001e
#               465000 channel initiator [chnl1_init] sent data 00c1001e
#               465000 channel initiator [chnl2_init] sent data 00c2001e
#               475000 channel initiator [chnl0_init] sent data 00c0001f
#               475000 channel initiator [chnl1_init] sent data 00c1001f
#               475000 channel initiator [chnl2_init] sent data 00c2001f
#               485000 channel initiator [chnl0_init] sent data 00c00020
#               485000 channel initiator [chnl1_init] sent data 00c10020
#               485000 channel initiator [chnl2_init] sent data 00c20020
#               495000 channel initiator [chnl0_init] sent data 00c00021
#               495000 channel initiator [chnl1_init] sent data 00c10021
#               495000 channel initiator [chnl2_init] sent data 00c20021
#               505000 channel initiator [chnl0_init] sent data 00c00022
#               505000 channel initiator [chnl1_init] sent data 00c10022
#               505000 channel initiator [chnl2_init] sent data 00c20022
#               515000 channel initiator [chnl0_init] sent data 00c00023
#               515000 channel initiator [chnl1_init] sent data 00c10023
#               515000 channel initiator [chnl2_init] sent data 00c20023
#               525000 channel initiator [chnl0_init] sent data 00c00024
#               525000 channel initiator [chnl1_init] sent data 00c10024
#               525000 channel initiator [chnl2_init] sent data 00c20024
#               535000 channel initiator [chnl0_init] sent data 00c00025
#               535000 channel initiator [chnl1_init] sent data 00c10025
#               535000 channel initiator [chnl2_init] sent data 00c20025
#               545000 channel initiator [chnl0_init] sent data 00c00026
#               545000 channel initiator [chnl1_init] sent data 00c10026
#               545000 channel initiator [chnl2_init] sent data 00c20026
#               555000 channel initiator [chnl0_init] sent data 00c00027
#               555000 channel initiator [chnl1_init] sent data 00c10027
#               555000 channel initiator [chnl2_init] sent data 00c20027
#               565000 channel initiator [chnl0_init] sent data 00c00028
#               565000 channel initiator [chnl1_init] sent data 00c10028
#               565000 channel initiator [chnl2_init] sent data 00c20028
#               575000 channel initiator [chnl0_init] sent data 00c00029
#               575000 channel initiator [chnl1_init] sent data 00c10029
#               575000 channel initiator [chnl2_init] sent data 00c20029
#               585000 channel initiator [chnl0_init] sent data 00c0002a
#               585000 channel initiator [chnl1_init] sent data 00c1002a
#               585000 channel initiator [chnl2_init] sent data 00c2002a
#               595000 channel initiator [chnl0_init] sent data 00c0002b
#               595000 channel initiator [chnl1_init] sent data 00c1002b
#               595000 channel initiator [chnl2_init] sent data 00c2002b
#               605000 channel initiator [chnl0_init] sent data 00c0002c
#               605000 channel initiator [chnl1_init] sent data 00c1002c
#               605000 channel initiator [chnl2_init] sent data 00c2002c
#               615000 channel initiator [chnl0_init] sent data 00c0002d
#               615000 channel initiator [chnl1_init] sent data 00c1002d
#               615000 channel initiator [chnl2_init] sent data 00c2002d
#               625000 channel initiator [chnl0_init] sent data 00c0002e
#               625000 channel initiator [chnl1_init] sent data 00c1002e
#               625000 channel initiator [chnl2_init] sent data 00c2002e
#               635000 channel initiator [chnl0_init] sent data 00c0002f
#               635000 channel initiator [chnl1_init] sent data 00c1002f
#               635000 channel initiator [chnl2_init] sent data 00c2002f
#               645000 channel initiator [chnl2_init] sent data 00c20030
#               645000 channel initiator [chnl0_init] sent data 00c00030
#               655000 channel initiator [chnl0_init] sent data 00c00031
#               655000 channel initiator [chnl1_init] sent data 00c10030
#               665000 channel initiator [chnl1_init] sent data 00c10031
#               665000 channel initiator [chnl2_init] sent data 00c20031
#               675000 channel initiator [chnl2_init] sent data 00c20032
#               675000 channel initiator [chnl0_init] sent data 00c00032
#               685000 channel initiator [chnl0_init] sent data 00c00033
#               685000 channel initiator [chnl1_init] sent data 00c10032
#               695000 channel initiator [chnl1_init] sent data 00c10033
#               695000 channel initiator [chnl2_init] sent data 00c20033
#               705000 channel initiator [chnl2_init] sent data 00c20034
#               705000 channel initiator [chnl0_init] sent data 00c00034
#               715000 channel initiator [chnl0_init] sent data 00c00035
#               715000 channel initiator [chnl1_init] sent data 00c10034
#               725000 channel initiator [chnl1_init] sent data 00c10035
#               725000 channel initiator [chnl2_init] sent data 00c20035
#               735000 channel initiator [chnl2_init] sent data 00c20036
#               735000 channel initiator [chnl0_init] sent data 00c00036
#               745000 channel initiator [chnl0_init] sent data 00c00037
#               745000 channel initiator [chnl1_init] sent data 00c10036
#               755000 channel initiator [chnl1_init] sent data 00c10037
#               755000 channel initiator [chnl2_init] sent data 00c20037
#               765000 channel initiator [chnl2_init] sent data 00c20038
#               765000 channel initiator [chnl0_init] sent data 00c00038
#               775000 channel initiator [chnl0_init] sent data 00c00039
#               775000 channel initiator [chnl1_init] sent data 00c10038
#               785000 channel initiator [chnl1_init] sent data 00c10039
#               785000 channel initiator [chnl2_init] sent data 00c20039
#               795000 channel initiator [chnl2_init] sent data 00c2003a
#               795000 channel initiator [chnl0_init] sent data 00c0003a
#               805000 channel initiator [chnl0_init] sent data 00c0003b
#               805000 channel initiator [chnl1_init] sent data 00c1003a
#               815000 channel initiator [chnl1_init] sent data 00c1003b
#               815000 channel initiator [chnl2_init] sent data 00c2003b
#               825000 channel initiator [chnl2_init] sent data 00c2003c
#               825000 channel initiator [chnl0_init] sent data 00c0003c
#               835000 channel initiator [chnl0_init] sent data 00c0003d
#               835000 channel initiator [chnl1_init] sent data 00c1003c
#               845000 channel initiator [chnl1_init] sent data 00c1003d
#               845000 channel initiator [chnl2_init] sent data 00c2003d
#               855000 channel initiator [chnl2_init] sent data 00c2003e
#               855000 channel initiator [chnl0_init] sent data 00c0003e
#               865000 channel initiator [chnl0_init] sent data 00c0003f
#               865000 channel initiator [chnl1_init] sent data 00c1003e
#               875000 channel initiator [chnl1_init] sent data 00c1003f
#               875000 channel initiator [chnl2_init] sent data 00c2003f
#               885000 channel initiator [chnl2_init] sent data 00c20040
#               885000 channel initiator [chnl0_init] sent data 00c00040
#               895000 channel initiator [chnl0_init] sent data 00c00041
#               895000 channel initiator [chnl1_init] sent data 00c10040
#               905000 channel initiator [chnl1_init] sent data 00c10041
#               905000 channel initiator [chnl2_init] sent data 00c20041
#               915000 channel initiator [chnl2_init] sent data 00c20042
#               915000 channel initiator [chnl0_init] sent data 00c00042
#               925000 channel initiator [chnl0_init] sent data 00c00043
#               925000 channel initiator [chnl1_init] sent data 00c10042
#               935000 channel initiator [chnl1_init] sent data 00c10043
#               935000 channel initiator [chnl2_init] sent data 00c20043
#               945000 channel initiator [chnl2_init] sent data 00c20044
#               945000 channel initiator [chnl0_init] sent data 00c00044
#               955000 channel initiator [chnl0_init] sent data 00c00045
#               955000 channel initiator [chnl1_init] sent data 00c10044
#               965000 channel initiator [chnl1_init] sent data 00c10045
#               965000 channel initiator [chnl2_init] sent data 00c20045
#               975000 channel initiator [chnl2_init] sent data 00c20046
#               975000 channel initiator [chnl0_init] sent data 00c00046
#               985000 channel initiator [chnl0_init] sent data 00c00047
#               985000 channel initiator [chnl1_init] sent data 00c10046
#               995000 channel initiator [chnl1_init] sent data 00c10047
#               995000 channel initiator [chnl2_init] sent data 00c20047
#              1005000 channel initiator [chnl2_init] sent data 00c20048
#              1005000 channel initiator [chnl0_init] sent data 00c00048
#              1015000 channel initiator [chnl0_init] sent data 00c00049
#              1015000 channel initiator [chnl1_init] sent data 00c10048
#              1025000 channel initiator [chnl1_init] sent data 00c10049
#              1025000 channel initiator [chnl2_init] sent data 00c20049
#              1035000 channel initiator [chnl2_init] sent data 00c2004a
#              1035000 channel initiator [chnl0_init] sent data 00c0004a
#              1045000 channel initiator [chnl0_init] sent data 00c0004b
#              1045000 channel initiator [chnl1_init] sent data 00c1004a
#              1055000 channel initiator [chnl1_init] sent data 00c1004b
#              1055000 channel initiator [chnl2_init] sent data 00c2004b
#              1065000 channel initiator [chnl2_init] sent data 00c2004c
#              1065000 channel initiator [chnl0_init] sent data 00c0004c
#              1075000 channel initiator [chnl0_init] sent data 00c0004d
#              1075000 channel initiator [chnl1_init] sent data 00c1004c
#              1085000 channel initiator [chnl1_init] sent data 00c1004d
#              1085000 channel initiator [chnl2_init] sent data 00c2004d
#              1095000 channel initiator [chnl2_init] sent data 00c2004e
#              1095000 channel initiator [chnl0_init] sent data 00c0004e
#              1105000 channel initiator [chnl0_init] sent data 00c0004f
#              1105000 channel initiator [chnl1_init] sent data 00c1004e
#              1115000 channel initiator [chnl1_init] sent data 00c1004f
#              1115000 channel initiator [chnl2_init] sent data 00c2004f
#              1125000 channel initiator [chnl2_init] sent data 00c20050
#              1125000 channel initiator [chnl0_init] sent data 00c00050
#              1135000 channel initiator [chnl0_init] sent data 00c00051
#              1135000 channel initiator [chnl1_init] sent data 00c10050
#              1145000 channel initiator [chnl1_init] sent data 00c10051
#              1145000 channel initiator [chnl2_init] sent data 00c20051
#              1155000 channel initiator [chnl2_init] sent data 00c20052
#              1155000 channel initiator [chnl0_init] sent data 00c00052
#              1165000 channel initiator [chnl0_init] sent data 00c00053
#              1165000 channel initiator [chnl1_init] sent data 00c10052
#              1175000 channel initiator [chnl1_init] sent data 00c10053
#              1175000 channel initiator [chnl2_init] sent data 00c20053
#              1185000 channel initiator [chnl2_init] sent data 00c20054
#              1185000 channel initiator [chnl0_init] sent data 00c00054
#              1195000 channel initiator [chnl0_init] sent data 00c00055
#              1195000 channel initiator [chnl1_init] sent data 00c10054
#              1205000 channel initiator [chnl1_init] sent data 00c10055
#              1205000 channel initiator [chnl2_init] sent data 00c20055
#              1215000 channel initiator [chnl2_init] sent data 00c20056
#              1215000 channel initiator [chnl0_init] sent data 00c00056
#              1225000 channel initiator [chnl0_init] sent data 00c00057
#              1225000 channel initiator [chnl1_init] sent data 00c10056
#              1235000 channel initiator [chnl1_init] sent data 00c10057
#              1235000 channel initiator [chnl2_init] sent data 00c20057
#              1245000 channel initiator [chnl2_init] sent data 00c20058
#              1245000 channel initiator [chnl0_init] sent data 00c00058
#              1255000 channel initiator [chnl0_init] sent data 00c00059
#              1255000 channel initiator [chnl1_init] sent data 00c10058
#              1265000 channel initiator [chnl1_init] sent data 00c10059
#              1265000 channel initiator [chnl2_init] sent data 00c20059
#              1275000 channel initiator [chnl2_init] sent data 00c2005a
#              1275000 channel initiator [chnl0_init] sent data 00c0005a
#              1285000 channel initiator [chnl0_init] sent data 00c0005b
#              1285000 channel initiator [chnl1_init] sent data 00c1005a
#              1295000 channel initiator [chnl1_init] sent data 00c1005b
#              1295000 channel initiator [chnl2_init] sent data 00c2005b
#              1305000 channel initiator [chnl2_init] sent data 00c2005c
#              1305000 channel initiator [chnl0_init] sent data 00c0005c
#              1315000 channel initiator [chnl0_init] sent data 00c0005d
#              1315000 channel initiator [chnl1_init] sent data 00c1005c
#              1325000 channel initiator [chnl1_init] sent data 00c1005d
#              1325000 channel initiator [chnl2_init] sent data 00c2005d
#              1335000 channel initiator [chnl2_init] sent data 00c2005e
#              1335000 channel initiator [chnl0_init] sent data 00c0005e
#              1345000 channel initiator [chnl0_init] sent data 00c0005f
#              1345000 channel initiator [chnl1_init] sent data 00c1005e
#              1355000 channel initiator [chnl1_init] sent data 00c1005f
#              1355000 channel initiator [chnl2_init] sent data 00c2005f
#              1365000 channel initiator [chnl2_init] sent data 00c20060
#              1365000 channel initiator [chnl0_init] sent data 00c00060
#              1375000 channel initiator [chnl0_init] sent data 00c00061
#              1375000 channel initiator [chnl1_init] sent data 00c10060
#              1385000 channel initiator [chnl1_init] sent data 00c10061
#              1385000 channel initiator [chnl2_init] sent data 00c20061
#              1395000 channel initiator [chnl2_init] sent data 00c20062
#              1395000 channel initiator [chnl0_init] sent data 00c00062
#              1405000 channel initiator [chnl0_init] sent data 00c00063
#              1405000 channel initiator [chnl1_init] sent data 00c10062
#              1415000 channel initiator [chnl1_init] sent data 00c10063
#              1415000 channel initiator [chnl2_init] sent data 00c20063
# Break key hit
# Break in Module chnl_intf at ../testbench/tb1.sv line 8
# End time: 21:44:16 on Jan 27,2026, Elapsed time: 0:01:10
# Errors: 0, Warnings: 0
